[debug] [2024-01-02T18:10:44.322Z] ----------------------------------------------------------------------
[debug] [2024-01-02T18:10:44.324Z] Command:       /opt/homebrew/Cellar/node/21.1.0/bin/node /opt/homebrew/bin/firebase init
[debug] [2024-01-02T18:10:44.325Z] CLI Version:   13.0.2
[debug] [2024-01-02T18:10:44.325Z] Platform:      darwin
[debug] [2024-01-02T18:10:44.325Z] Node Version:  v21.1.0
[debug] [2024-01-02T18:10:44.325Z] Time:          Tue Jan 02 2024 19:10:44 GMT+0100 (Central European Standard Time)
[debug] [2024-01-02T18:10:44.325Z] ----------------------------------------------------------------------
[debug] 
[debug] [2024-01-02T18:10:44.330Z] > command requires scopes: ["email","openid","https://www.googleapis.com/auth/cloudplatformprojects.readonly","https://www.googleapis.com/auth/firebase","https://www.googleapis.com/auth/cloud-platform"]
[debug] [2024-01-02T18:10:44.330Z] > authorizing via signed-in user (maticzacza@gmail.com)
[info] 
     ######## #### ########  ######## ########     ###     ######  ########
     ##        ##  ##     ## ##       ##     ##  ##   ##  ##       ##
     ######    ##  ########  ######   ########  #########  ######  ######
     ##        ##  ##    ##  ##       ##     ## ##     ##       ## ##
     ##       #### ##     ## ######## ########  ##     ##  ######  ########

You're about to initialize a Firebase project in this directory:

  /Users/czaacza/Desktop/mati/Politechnika/Programowanie-Aplikacji-Mobilnych-I-Webowych/Lab/Programowanie-Aplikacji-Mobilnych-I-Webowych/Projekt-Finalowy/budgetTracker/backend

[info] 
=== Project Setup
[info] 
[info] First, let's associate this project directory with a Firebase project.
[info] You can create multiple project aliases by running firebase use --add, 
[info] but for now we'll just set up a default project.
[info] 
[debug] [2024-01-02T18:11:14.171Z] >>> [apiv2][query] GET https://firebase.googleapis.com/v1beta1/projects pageSize=100
[debug] [2024-01-02T18:11:14.765Z] <<< [apiv2][status] GET https://firebase.googleapis.com/v1beta1/projects 200
[debug] [2024-01-02T18:11:14.765Z] <<< [apiv2][body] GET https://firebase.googleapis.com/v1beta1/projects [omitted]
[info] i  Using project budgettracker-a2e18 (BudgetTracker) 
[info] 
=== Hosting Setup
[debug] [2024-01-02T18:11:22.382Z] >>> [apiv2][query] GET https://firebase.googleapis.com/v1beta1/projects/budgettracker-a2e18 [none]
[debug] [2024-01-02T18:11:22.845Z] <<< [apiv2][status] GET https://firebase.googleapis.com/v1beta1/projects/budgettracker-a2e18 200
[debug] [2024-01-02T18:11:22.846Z] <<< [apiv2][body] GET https://firebase.googleapis.com/v1beta1/projects/budgettracker-a2e18 {"projectId":"budgettracker-a2e18","projectNumber":"46910043982","displayName":"BudgetTracker","name":"projects/budgettracker-a2e18","resources":{"hostingSite":"budgettracker-a2e18","storageBucket":"budgettracker-a2e18.appspot.com","locationId":"europe-central2"},"state":"ACTIVE","etag":"1_d32aeb18-c011-4acd-ae0b-ce8ea56db559"}
[info] 
[info] Your public directory is the folder (relative to your project directory) that
[info] will contain Hosting assets to be uploaded with firebase deploy. If you
[info] have a build process for your assets, use your build's output directory.
[info] 
[info] ✔  Wrote public/404.html 
[debug] [2024-01-02T18:12:01.452Z] >>> [apiv2][query] GET https://www.gstatic.com/firebasejs/releases.json [none]
[debug] [2024-01-02T18:12:01.647Z] <<< [apiv2][status] GET https://www.gstatic.com/firebasejs/releases.json 200
[debug] [2024-01-02T18:12:01.647Z] <<< [apiv2][body] GET https://www.gstatic.com/firebasejs/releases.json {"current":{"version":"10.7.1","browserURL":"https://www.gstatic.com/firebasejs/10.7.1/firebase.js","packageURL":"https://www.gstatic.com/firebasejs/10.7.1/firebase.tgz"},"live":{"version":"10.7","browserURL":"https://www.gstatic.com/firebasejs/live/10.7/firebase.js","packageURL":"https://www.gstatic.com/firebasejs/live/10.7/firebase.tgz"},"components":{"analytics":"https://www.gstatic.com/firebasejs/10.7.1/firebase-analytics.js","app":"https://www.gstatic.com/firebasejs/10.7.1/firebase-app.js","app-check":"https://www.gstatic.com/firebasejs/10.7.1/firebase-app-check.js","auth":"https://www.gstatic.com/firebasejs/10.7.1/firebase-auth.js","auth/cordova":"https://www.gstatic.com/firebasejs/10.7.1/firebase-auth/cordova.js","functions":"https://www.gstatic.com/firebasejs/10.7.1/firebase-functions.js","firestore":"https://www.gstatic.com/firebasejs/10.7.1/firebase-firestore.js","firestore/lite":"https://www.gstatic.com/firebasejs/10.7.1/firebase-firestore/lite.js","installations":"https://www.gstatic.com/firebasejs/10.7.1/firebase-installations.js","storage":"https://www.gstatic.com/firebasejs/10.7.1/firebase-storage.js","performance":"https://www.gstatic.com/firebasejs/10.7.1/firebase-performance.js","remote-config":"https://www.gstatic.com/firebasejs/10.7.1/firebase-remote-config.js","messaging":"https://www.gstatic.com/firebasejs/10.7.1/firebase-messaging.js","messaging/sw":"https://www.gstatic.com/firebasejs/10.7.1/firebase-messaging/sw.js","database":"https://www.gstatic.com/firebasejs/10.7.1/firebase-database.js","firestore.memory":"https://www.gstatic.com/firebasejs/10.7.1/firebase-firestore.memory.js"}}
[info] ✔  Wrote public/index.html 
[info] 
[info] i  Detected a .git folder at /Users/czaacza/Desktop/mati/Politechnika/Programowanie-Aplikacji-Mobilnych-I-Webowych/Lab/Programowanie-Aplikacji-Mobilnych-I-Webowych/Projekt-Finalowy/budgetTracker/backend 
[info] i  Authorizing with GitHub to upload your service account to a GitHub repository's secrets store. 
[info] 
[info] Visit this URL on this device to log in:
[info] https://github.com/login/oauth/authorize?client_id=89cf50f02ac6aaed3484&state=417883246&redirect_uri=http%3A%2F%2Flocalhost%3A9005&scope=read%3Auser%20repo%20public_repo
[info] 
[info] Waiting for authentication...
[debug] [2024-01-02T18:12:12.602Z] >>> [apiv2][query] POST https://github.com/login/oauth/access_token [none]
[debug] [2024-01-02T18:12:12.602Z] >>> [apiv2][body] POST https://github.com/login/oauth/access_token [stream]
[debug] [2024-01-02T18:12:12.930Z] <<< [apiv2][status] POST https://github.com/login/oauth/access_token 200
[debug] [2024-01-02T18:12:12.931Z] <<< [apiv2][body] POST https://github.com/login/oauth/access_token {"access_token":"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","token_type":"bearer","scope":"read:user,repo"}
[debug] [2024-01-02T18:12:12.939Z] >>> [apiv2][query] GET https://api.github.com/user [none]
[debug] [2024-01-02T18:12:13.272Z] <<< [apiv2][status] GET https://api.github.com/user 200
[debug] [2024-01-02T18:12:13.273Z] <<< [apiv2][body] GET https://api.github.com/user {"login":"czaacza","id":93872997,"node_id":"U_kgDOBZhjZQ","avatar_url":"https://avatars.githubusercontent.com/u/93872997?v=4","gravatar_id":"","url":"https://api.github.com/users/czaacza","html_url":"https://github.com/czaacza","followers_url":"https://api.github.com/users/czaacza/followers","following_url":"https://api.github.com/users/czaacza/following{/other_user}","gists_url":"https://api.github.com/users/czaacza/gists{/gist_id}","starred_url":"https://api.github.com/users/czaacza/starred{/owner}{/repo}","subscriptions_url":"https://api.github.com/users/czaacza/subscriptions","organizations_url":"https://api.github.com/users/czaacza/orgs","repos_url":"https://api.github.com/users/czaacza/repos","events_url":"https://api.github.com/users/czaacza/events{/privacy}","received_events_url":"https://api.github.com/users/czaacza/received_events","type":"User","site_admin":false,"name":"Mateusz Czarnecki","company":"Warsaw University of Technology","blog":"","location":"Warsaw, Poland","email":null,"hireable":true,"bio":"czarnecki.mateusz.022@gmail.com","twitter_username":null,"public_repos":52,"public_gists":0,"followers":10,"following":19,"created_at":"2021-11-07T15:03:13Z","updated_at":"2023-12-21T14:34:21Z","private_gists":0,"total_private_repos":10,"owned_private_repos":9,"disk_usage":995506,"collaborators":6,"two_factor_authentication":false,"plan":{"name":"pro","space":976562499,"collaborators":0,"private_repos":9999}}
[info] 
[info] ✔  Success! Logged into GitHub as czaacza 
[info] 
